yarn run v1.22.19
$ storybook build --output-dir /var/folders/gd/1pxz0n6s3dq3dv8m6dc5zzqw0000gq/T/chromatic--8480-i3NiWMXS2mnG
@storybook/cli v7.5.3

info => Cleaning outputDir: /var/folders/gd/1pxz0n6s3dq3dv8m6dc5zzqw0000gq/T/chromatic--8480-i3NiWMXS2mnG
info => Loading presets
info => Building manager..
info => Manager built (109 ms)
info => Building preview..
info => Copying static files: /Users/JHur/Projects/learnstorybook-design-system2/node_modules/@storybook/manager/static at /var/folders/gd/1pxz0n6s3dq3dv8m6dc5zzqw0000gq/T/chromatic--8480-i3NiWMXS2mnG/sb-common-assets
WARN No story files found for the specified pattern: src/**/*.mdx
vite v4.3.9 building for production...

./sb-common-assets/fonts.css doesn't exist at build time, it will remain unchanged to be resolved at runtime
transforming...
node_modules/telejson/dist/index.mjs (1413:15) Use of eval in "node_modules/telejson/dist/index.mjs" is strongly discouraged as it poses security risks and may cause issues with minification.
node_modules/telejson/dist/index.mjs (1416:18) Use of eval in "node_modules/telejson/dist/index.mjs" is strongly discouraged as it poses security risks and may cause issues with minification.
✓ 615 modules transformed.
rendering chunks...
computing gzip size...
../../../../var/folders/gd/1pxz0n6s3dq3dv8m6dc5zzqw0000gq/T/chromatic--8480-i3NiWMXS2mnG/iframe.html                                                                  12.71 kB │ gzip:   3.57 kB
../../../../var/folders/gd/1pxz0n6s3dq3dv8m6dc5zzqw0000gq/T/chromatic--8480-i3NiWMXS2mnG/assets/emotion-use-insertion-effect-with-fallbacks.browser.esm-c1ea2e6d.js    0.28 kB │ gzip:   0.23 kB │ map:     1.16 kB
../../../../var/folders/gd/1pxz0n6s3dq3dv8m6dc5zzqw0000gq/T/chromatic--8480-i3NiWMXS2mnG/assets/extends-98964cd2.js                                                    0.29 kB │ gzip:   0.23 kB │ map:     1.00 kB
../../../../var/folders/gd/1pxz0n6s3dq3dv8m6dc5zzqw0000gq/T/chromatic--8480-i3NiWMXS2mnG/assets/_commonjsHelpers-725317a4.js                                           0.29 kB │ gzip:   0.23 kB │ map:     0.11 kB
../../../../var/folders/gd/1pxz0n6s3dq3dv8m6dc5zzqw0000gq/T/chromatic--8480-i3NiWMXS2mnG/assets/WithTooltip-4HIR6TLV-3a01bc82.js                                       0.56 kB │ gzip:   0.35 kB │ map:     0.11 kB
../../../../var/folders/gd/1pxz0n6s3dq3dv8m6dc5zzqw0000gq/T/chromatic--8480-i3NiWMXS2mnG/assets/syntaxhighlighter-NMPM6SWI-bc5d0426.js                                 0.58 kB │ gzip:   0.37 kB │ map:     0.12 kB
../../../../var/folders/gd/1pxz0n6s3dq3dv8m6dc5zzqw0000gq/T/chromatic--8480-i3NiWMXS2mnG/assets/preview-3c62a702.js                                                    0.62 kB │ gzip:   0.40 kB │ map:     0.58 kB
../../../../var/folders/gd/1pxz0n6s3dq3dv8m6dc5zzqw0000gq/T/chromatic--8480-i3NiWMXS2mnG/assets/index-06cc5703.js                                                      0.62 kB │ gzip:   0.38 kB │ map:     4.29 kB
../../../../var/folders/gd/1pxz0n6s3dq3dv8m6dc5zzqw0000gq/T/chromatic--8480-i3NiWMXS2mnG/assets/preview-06eb91f1.js                                                    0.63 kB │ gzip:   0.41 kB │ map:     2.33 kB
../../../../var/folders/gd/1pxz0n6s3dq3dv8m6dc5zzqw0000gq/T/chromatic--8480-i3NiWMXS2mnG/assets/preview-87eac49b.js                                                    0.68 kB │ gzip:   0.48 kB │ map:     3.95 kB
../../../../var/folders/gd/1pxz0n6s3dq3dv8m6dc5zzqw0000gq/T/chromatic--8480-i3NiWMXS2mnG/assets/index-356e4a49.js                                                      0.81 kB │ gzip:   0.51 kB │ map:     3.27 kB
../../../../var/folders/gd/1pxz0n6s3dq3dv8m6dc5zzqw0000gq/T/chromatic--8480-i3NiWMXS2mnG/assets/index-2baff29e.js                                                      0.84 kB │ gzip:   0.55 kB │ map:     4.13 kB
../../../../var/folders/gd/1pxz0n6s3dq3dv8m6dc5zzqw0000gq/T/chromatic--8480-i3NiWMXS2mnG/assets/preview-b3c37142.js                                                    0.90 kB │ gzip:   0.59 kB │ map:     2.96 kB
../../../../var/folders/gd/1pxz0n6s3dq3dv8m6dc5zzqw0000gq/T/chromatic--8480-i3NiWMXS2mnG/assets/StoryLinkWrapper-d3217e53.js                                           1.11 kB │ gzip:   0.52 kB │ map:     1.93 kB
../../../../var/folders/gd/1pxz0n6s3dq3dv8m6dc5zzqw0000gq/T/chromatic--8480-i3NiWMXS2mnG/assets/animation-565dd6d7.js                                                  1.24 kB │ gzip:   0.43 kB │ map:     2.18 kB
../../../../var/folders/gd/1pxz0n6s3dq3dv8m6dc5zzqw0000gq/T/chromatic--8480-i3NiWMXS2mnG/assets/preview-dcea42fe.js                                                    1.82 kB │ gzip:   0.97 kB │ map:     3.85 kB
../../../../var/folders/gd/1pxz0n6s3dq3dv8m6dc5zzqw0000gq/T/chromatic--8480-i3NiWMXS2mnG/assets/chunk-AY7I2SME-5eb1ab46.js                                             1.87 kB │ gzip:   1.02 kB │ map:     8.87 kB
../../../../var/folders/gd/1pxz0n6s3dq3dv8m6dc5zzqw0000gq/T/chromatic--8480-i3NiWMXS2mnG/assets/styles-baf925c8.js                                                     2.13 kB │ gzip:   1.20 kB │ map:    19.75 kB
../../../../var/folders/gd/1pxz0n6s3dq3dv8m6dc5zzqw0000gq/T/chromatic--8480-i3NiWMXS2mnG/assets/index-d37d4223.js                                                      2.63 kB │ gzip:   1.30 kB │ map:     7.48 kB
../../../../var/folders/gd/1pxz0n6s3dq3dv8m6dc5zzqw0000gq/T/chromatic--8480-i3NiWMXS2mnG/assets/Icon.stories-0bcda5ec.js                                               3.22 kB │ gzip:   1.28 kB │ map:     0.14 kB
../../../../var/folders/gd/1pxz0n6s3dq3dv8m6dc5zzqw0000gq/T/chromatic--8480-i3NiWMXS2mnG/assets/preview-108c1c3c.js                                                    3.26 kB │ gzip:   1.41 kB │ map:    10.12 kB
../../../../var/folders/gd/1pxz0n6s3dq3dv8m6dc5zzqw0000gq/T/chromatic--8480-i3NiWMXS2mnG/assets/Badge.stories-2646b808.js                                              4.86 kB │ gzip:   1.60 kB │ map:     2.71 kB
../../../../var/folders/gd/1pxz0n6s3dq3dv8m6dc5zzqw0000gq/T/chromatic--8480-i3NiWMXS2mnG/assets/iframe-f171b831.js                                                     5.79 kB │ gzip:   1.76 kB │ map:     5.58 kB
../../../../var/folders/gd/1pxz0n6s3dq3dv8m6dc5zzqw0000gq/T/chromatic--8480-i3NiWMXS2mnG/assets/Avatar.stories-382b2c89.js                                             6.78 kB │ gzip:   2.23 kB │ map:     5.92 kB
../../../../var/folders/gd/1pxz0n6s3dq3dv8m6dc5zzqw0000gq/T/chromatic--8480-i3NiWMXS2mnG/assets/index-928ed2fb.js                                                      7.21 kB │ gzip:   2.95 kB │ map:    15.72 kB
../../../../var/folders/gd/1pxz0n6s3dq3dv8m6dc5zzqw0000gq/T/chromatic--8480-i3NiWMXS2mnG/assets/Link.stories-2ad8dd47.js                                               7.23 kB │ gzip:   2.30 kB │ map:     6.74 kB
../../../../var/folders/gd/1pxz0n6s3dq3dv8m6dc5zzqw0000gq/T/chromatic--8480-i3NiWMXS2mnG/assets/preview-b8d6c68d.js                                                    7.67 kB │ gzip:   1.59 kB │ map:    13.75 kB
../../../../var/folders/gd/1pxz0n6s3dq3dv8m6dc5zzqw0000gq/T/chromatic--8480-i3NiWMXS2mnG/assets/preview-2059b184.js                                                    8.32 kB │ gzip:   3.20 kB │ map:    29.43 kB
../../../../var/folders/gd/1pxz0n6s3dq3dv8m6dc5zzqw0000gq/T/chromatic--8480-i3NiWMXS2mnG/assets/polished.esm-ed3ce7df.js                                              10.73 kB │ gzip:   3.85 kB │ map:   149.35 kB
../../../../var/folders/gd/1pxz0n6s3dq3dv8m6dc5zzqw0000gq/T/chromatic--8480-i3NiWMXS2mnG/assets/emotion-react-jsx-runtime.browser.esm-69e930e6.js                     18.41 kB │ gzip:   7.37 kB │ map:   109.51 kB
../../../../var/folders/gd/1pxz0n6s3dq3dv8m6dc5zzqw0000gq/T/chromatic--8480-i3NiWMXS2mnG/assets/preview-5c6325c3.js                                                   21.12 kB │ gzip:   7.00 kB │ map:    68.26 kB
../../../../var/folders/gd/1pxz0n6s3dq3dv8m6dc5zzqw0000gq/T/chromatic--8480-i3NiWMXS2mnG/assets/Button.stories-cafb0b94.js                                            22.42 kB │ gzip:   3.89 kB │ map:    15.76 kB
../../../../var/folders/gd/1pxz0n6s3dq3dv8m6dc5zzqw0000gq/T/chromatic--8480-i3NiWMXS2mnG/assets/Color-6VNJS4EI-d999ae44.js                                            31.17 kB │ gzip:  11.73 kB │ map:   112.73 kB
../../../../var/folders/gd/1pxz0n6s3dq3dv8m6dc5zzqw0000gq/T/chromatic--8480-i3NiWMXS2mnG/assets/Icon-7291e08b.js                                                     140.20 kB │ gzip:  51.45 kB │ map:   155.00 kB
../../../../var/folders/gd/1pxz0n6s3dq3dv8m6dc5zzqw0000gq/T/chromatic--8480-i3NiWMXS2mnG/assets/_getPrototype-c0f18f61.js                                            213.28 kB │ gzip:  66.73 kB │ map:   655.80 kB
../../../../var/folders/gd/1pxz0n6s3dq3dv8m6dc5zzqw0000gq/T/chromatic--8480-i3NiWMXS2mnG/assets/config-debdc352.js                                                   322.80 kB │ gzip:  99.20 kB │ map: 1,157.02 kB
../../../../var/folders/gd/1pxz0n6s3dq3dv8m6dc5zzqw0000gq/T/chromatic--8480-i3NiWMXS2mnG/assets/DocsRenderer-NNNQARDV-78ca15a0.js                                    524.52 kB │ gzip: 171.26 kB │ map: 1,399.79 kB
../../../../var/folders/gd/1pxz0n6s3dq3dv8m6dc5zzqw0000gq/T/chromatic--8480-i3NiWMXS2mnG/assets/formatter-SWP5E3XI-b21737a3.js                                       601.75 kB │ gzip: 185.12 kB │ map: 1,314.26 kB

(!) Some chunks are larger than 500 kBs after minification. Consider:
- Using dynamic import() to code-split the application
- Use build.rollupOptions.output.manualChunks to improve chunking: https://rollupjs.org/configuration-options/#output-manualchunks
- Adjust chunk size limit for this warning via build.chunkSizeWarningLimit.
✓ built in 4.80s
info => Preview built (5.35 s)
info => Output directory: /var/folders/gd/1pxz0n6s3dq3dv8m6dc5zzqw0000gq/T/chromatic--8480-i3NiWMXS2mnG
Done in 8.41s.
